[NotebookApp | WARNING] No nbgrader_config.py file found (rerun with --debug to see where nbgrader is looking)
[NotebookApp | INFO] Loading the validate_assignment nbgrader serverextension
[NotebookApp | INFO] Serving notebooks from local directory: /Users/bjm42/source/vasppy/docs/source/examples
[NotebookApp | INFO] The Jupyter Notebook is running at:
[NotebookApp | INFO] http://localhost:8906/?token=54db67f8c4c19eaacc33b1cb057b8b1f6ce83e77b6e8e2cd
[NotebookApp | INFO] Use Control-C to stop this server and shut down all kernels (twice to skip confirmation).
[NotebookApp | CRITICAL] 
    
    Copy/paste this URL into your browser when you connect for the first time,
    to login with a token:
        http://localhost:8906/?token=54db67f8c4c19eaacc33b1cb057b8b1f6ce83e77b6e8e2cd
[NotebookApp | INFO] Accepting one-time-token-authenticated connection from ::1
[NotebookApp | INFO] Kernel started: fcda3732-f041-4c38-b539-e7f9dc24f531
[NotebookApp | INFO] Adapting to protocol v5.1 for kernel fcda3732-f041-4c38-b539-e7f9dc24f531
[NotebookApp | INFO] Saving file at /rdf_example.ipynb
[NotebookApp | INFO] Starting buffering for fcda3732-f041-4c38-b539-e7f9dc24f531:c0203cd3120d49bab03b7c438635c110
[NotebookApp | INFO] Adapting to protocol v5.1 for kernel fcda3732-f041-4c38-b539-e7f9dc24f531
[NotebookApp | INFO] Starting buffering for fcda3732-f041-4c38-b539-e7f9dc24f531:23931e4f93b64c2cbc4becf1d8d2b21b
[NotebookApp | INFO] Adapting to protocol v5.1 for kernel fcda3732-f041-4c38-b539-e7f9dc24f531
[NotebookApp | INFO] Starting buffering for fcda3732-f041-4c38-b539-e7f9dc24f531:7a4ebce7995a464b94049b5535aabc34
[NotebookApp | INFO] Kernel restarted: fcda3732-f041-4c38-b539-e7f9dc24f531
[NotebookApp | INFO] Adapting to protocol v5.1 for kernel fcda3732-f041-4c38-b539-e7f9dc24f531
[NotebookApp | INFO] Restoring connection for fcda3732-f041-4c38-b539-e7f9dc24f531:7a4ebce7995a464b94049b5535aabc34
[NotebookApp | INFO] Replaying 6 buffered messages
[NotebookApp | INFO] Starting buffering for fcda3732-f041-4c38-b539-e7f9dc24f531:7a4ebce7995a464b94049b5535aabc34
[NotebookApp | INFO] Kernel restarted: fcda3732-f041-4c38-b539-e7f9dc24f531
[NotebookApp | INFO] Adapting to protocol v5.1 for kernel fcda3732-f041-4c38-b539-e7f9dc24f531
[NotebookApp | INFO] Restoring connection for fcda3732-f041-4c38-b539-e7f9dc24f531:7a4ebce7995a464b94049b5535aabc34
[NotebookApp | INFO] Replaying 3 buffered messages
[NotebookApp | INFO] Saving file at /rdf_example.ipynb
[NotebookApp | INFO] Saving file at /rdf_example.ipynb
